2025/10/09 04:36:10 [notice] 1#1: using the "epoll" event method
2025/10/09 04:36:10 [notice] 1#1: nginx/1.25.5
2025/10/09 04:36:10 [notice] 1#1: built by gcc 13.2.1 20231014 (Alpine 13.2.1_git20231014) 
2025/10/09 04:36:10 [notice] 1#1: OS: Linux 5.15.167.4-microsoft-standard-WSL2
2025/10/09 04:36:10 [notice] 1#1: getrlimit(RLIMIT_NOFILE): 1048576:1048576
2025/10/09 04:36:10 [notice] 1#1: start worker processes
2025/10/09 04:36:10 [notice] 1#1: start worker process 21
2025/10/09 04:36:10 [notice] 1#1: start worker process 22
2025/10/09 04:36:10 [notice] 1#1: start worker process 23
2025/10/09 04:36:10 [notice] 1#1: start worker process 24
2025/10/09 04:36:10 [notice] 1#1: start worker process 25
2025/10/09 04:36:10 [notice] 1#1: start worker process 26
2025/10/09 04:36:10 [notice] 1#1: start worker process 27
2025/10/09 04:36:10 [notice] 1#1: start worker process 28
2025/10/09 04:36:10 [notice] 1#1: start worker process 29
2025/10/09 04:36:10 [notice] 1#1: start worker process 30
2025/10/09 04:36:10 [notice] 1#1: start worker process 31
2025/10/09 04:36:10 [notice] 1#1: start worker process 32
2025/10/09 04:55:48 [notice] 1#1: signal 3 (SIGQUIT) received, shutting down
2025/10/09 04:55:48 [notice] 21#21: gracefully shutting down
2025/10/09 04:55:48 [notice] 22#22: gracefully shutting down
2025/10/09 04:55:48 [notice] 24#24: gracefully shutting down
2025/10/09 04:55:48 [notice] 26#26: gracefully shutting down
2025/10/09 04:55:48 [notice] 23#23: gracefully shutting down
2025/10/09 04:55:48 [notice] 27#27: gracefully shutting down
2025/10/09 04:55:48 [notice] 28#28: gracefully shutting down
2025/10/09 04:55:48 [notice] 30#30: gracefully shutting down
2025/10/09 04:55:48 [notice] 25#25: gracefully shutting down
2025/10/09 04:55:48 [notice] 31#31: gracefully shutting down
2025/10/09 04:55:48 [notice] 32#32: gracefully shutting down
2025/10/09 04:55:48 [notice] 29#29: gracefully shutting down
2025/10/09 04:55:48 [notice] 21#21: exiting
2025/10/09 04:55:48 [notice] 24#24: exiting
2025/10/09 04:55:48 [notice] 24#24: exit
2025/10/09 04:55:48 [notice] 26#26: exiting
2025/10/09 04:55:48 [notice] 22#22: exiting
2025/10/09 04:55:48 [notice] 22#22: exit
2025/10/09 04:55:48 [notice] 23#23: exiting
2025/10/09 04:55:48 [notice] 23#23: exit
2025/10/09 04:55:48 [notice] 27#27: exiting
2025/10/09 04:55:48 [notice] 28#28: exiting
2025/10/09 04:55:48 [notice] 30#30: exiting
2025/10/09 04:55:48 [notice] 30#30: exit
2025/10/09 04:55:48 [notice] 25#25: exiting
2025/10/09 04:55:48 [notice] 31#31: exiting
2025/10/09 04:55:48 [notice] 32#32: exiting
2025/10/09 04:55:48 [notice] 32#32: exit
2025/10/09 04:55:48 [notice] 29#29: exiting
2025/10/09 04:55:48 [notice] 21#21: exit
2025/10/09 04:55:48 [notice] 26#26: exit
2025/10/09 04:55:48 [notice] 27#27: exit
2025/10/09 04:55:48 [notice] 28#28: exit
2025/10/09 04:55:48 [notice] 25#25: exit
2025/10/09 04:55:48 [notice] 31#31: exit
2025/10/09 04:55:48 [notice] 29#29: exit
2025/10/09 04:55:48 [notice] 1#1: signal 17 (SIGCHLD) received from 27
2025/10/09 04:55:48 [notice] 1#1: worker process 22 exited with code 0
2025/10/09 04:55:48 [notice] 1#1: worker process 27 exited with code 0
2025/10/09 04:55:48 [notice] 1#1: signal 29 (SIGIO) received
2025/10/09 04:55:48 [notice] 1#1: signal 17 (SIGCHLD) received from 22
2025/10/09 04:55:48 [notice] 1#1: signal 17 (SIGCHLD) received from 30
2025/10/09 04:55:48 [notice] 1#1: worker process 21 exited with code 0
2025/10/09 04:55:48 [notice] 1#1: worker process 30 exited with code 0
2025/10/09 04:55:48 [notice] 1#1: signal 29 (SIGIO) received
2025/10/09 04:55:48 [notice] 1#1: signal 17 (SIGCHLD) received from 29
2025/10/09 04:55:48 [notice] 1#1: worker process 23 exited with code 0
2025/10/09 04:55:48 [notice] 1#1: worker process 29 exited with code 0
2025/10/09 04:55:48 [notice] 1#1: worker process 32 exited with code 0
2025/10/09 04:55:48 [notice] 1#1: signal 29 (SIGIO) received
2025/10/09 04:55:48 [notice] 1#1: signal 17 (SIGCHLD) received from 32
2025/10/09 04:55:48 [notice] 1#1: signal 17 (SIGCHLD) received from 31
2025/10/09 04:55:48 [notice] 1#1: worker process 24 exited with code 0
2025/10/09 04:55:48 [notice] 1#1: worker process 25 exited with code 0
2025/10/09 04:55:48 [notice] 1#1: worker process 26 exited with code 0
2025/10/09 04:55:48 [notice] 1#1: worker process 31 exited with code 0
2025/10/09 04:55:48 [notice] 1#1: signal 29 (SIGIO) received
2025/10/09 04:55:48 [notice] 1#1: signal 17 (SIGCHLD) received from 25
2025/10/09 04:55:48 [notice] 1#1: signal 17 (SIGCHLD) received from 28
2025/10/09 04:55:48 [notice] 1#1: worker process 28 exited with code 0
2025/10/09 04:55:48 [notice] 1#1: exit
2025/10/09 05:02:48 [notice] 1#1: using the "epoll" event method
2025/10/09 05:02:48 [notice] 1#1: nginx/1.25.5
2025/10/09 05:02:48 [notice] 1#1: built by gcc 13.2.1 20231014 (Alpine 13.2.1_git20231014) 
2025/10/09 05:02:48 [notice] 1#1: OS: Linux 5.15.167.4-microsoft-standard-WSL2
2025/10/09 05:02:48 [notice] 1#1: getrlimit(RLIMIT_NOFILE): 1048576:1048576
2025/10/09 05:02:48 [notice] 1#1: start worker processes
2025/10/09 05:02:48 [notice] 1#1: start worker process 22
2025/10/09 05:02:48 [notice] 1#1: start worker process 23
2025/10/09 05:02:48 [notice] 1#1: start worker process 24
2025/10/09 05:02:48 [notice] 1#1: start worker process 25
2025/10/09 05:02:48 [notice] 1#1: start worker process 26
2025/10/09 05:02:48 [notice] 1#1: start worker process 27
2025/10/09 05:02:48 [notice] 1#1: start worker process 28
2025/10/09 05:02:48 [notice] 1#1: start worker process 29
2025/10/09 05:02:48 [notice] 1#1: start worker process 30
2025/10/09 05:02:48 [notice] 1#1: start worker process 31
2025/10/09 05:02:48 [notice] 1#1: start worker process 32
2025/10/09 05:02:48 [notice] 1#1: start worker process 33
2025/10/09 05:24:40 [notice] 1#1: signal 3 (SIGQUIT) received, shutting down
2025/10/09 05:24:40 [notice] 22#22: gracefully shutting down
2025/10/09 05:24:40 [notice] 30#30: gracefully shutting down
2025/10/09 05:24:40 [notice] 23#23: gracefully shutting down
2025/10/09 05:24:40 [notice] 22#22: exiting
2025/10/09 05:24:40 [notice] 24#24: gracefully shutting down
2025/10/09 05:24:40 [notice] 22#22: exit
2025/10/09 05:24:40 [notice] 25#25: gracefully shutting down
2025/10/09 05:24:40 [notice] 27#27: gracefully shutting down
2025/10/09 05:24:40 [notice] 27#27: exiting
2025/10/09 05:24:40 [notice] 26#26: gracefully shutting down
2025/10/09 05:24:40 [notice] 33#33: gracefully shutting down
2025/10/09 05:24:40 [notice] 28#28: gracefully shutting down
2025/10/09 05:24:40 [notice] 31#31: gracefully shutting down
2025/10/09 05:24:40 [notice] 29#29: gracefully shutting down
2025/10/09 05:24:40 [notice] 32#32: gracefully shutting down
2025/10/09 05:24:40 [notice] 32#32: exiting
2025/10/09 05:24:40 [notice] 30#30: exiting
2025/10/09 05:24:40 [notice] 23#23: exiting
2025/10/09 05:24:40 [notice] 24#24: exiting
2025/10/09 05:24:40 [notice] 25#25: exiting
2025/10/09 05:24:40 [notice] 27#27: exit
2025/10/09 05:24:40 [notice] 26#26: exiting
2025/10/09 05:24:40 [notice] 33#33: exiting
2025/10/09 05:24:40 [notice] 28#28: exiting
2025/10/09 05:24:40 [notice] 31#31: exiting
2025/10/09 05:24:40 [notice] 29#29: exiting
2025/10/09 05:24:40 [notice] 32#32: exit
2025/10/09 05:24:40 [notice] 30#30: exit
2025/10/09 05:24:40 [notice] 23#23: exit
2025/10/09 05:24:40 [notice] 24#24: exit
2025/10/09 05:24:40 [notice] 25#25: exit
2025/10/09 05:24:40 [notice] 26#26: exit
2025/10/09 05:24:40 [notice] 33#33: exit
2025/10/09 05:24:40 [notice] 28#28: exit
2025/10/09 05:24:40 [notice] 31#31: exit
2025/10/09 05:24:40 [notice] 29#29: exit
2025/10/09 05:24:40 [notice] 1#1: signal 17 (SIGCHLD) received from 22
2025/10/09 05:24:40 [notice] 1#1: worker process 22 exited with code 0
2025/10/09 05:24:40 [notice] 1#1: signal 29 (SIGIO) received
2025/10/09 05:24:40 [notice] 1#1: signal 17 (SIGCHLD) received from 32
2025/10/09 05:24:40 [notice] 1#1: worker process 32 exited with code 0
2025/10/09 05:24:40 [notice] 1#1: signal 29 (SIGIO) received
2025/10/09 05:24:40 [notice] 1#1: signal 17 (SIGCHLD) received from 30
2025/10/09 05:24:40 [notice] 1#1: worker process 23 exited with code 0
2025/10/09 05:24:40 [notice] 1#1: worker process 30 exited with code 0
2025/10/09 05:24:40 [notice] 1#1: signal 29 (SIGIO) received
2025/10/09 05:24:40 [notice] 1#1: signal 17 (SIGCHLD) received from 23
2025/10/09 05:24:40 [notice] 1#1: signal 17 (SIGCHLD) received from 31
2025/10/09 05:24:40 [notice] 1#1: worker process 25 exited with code 0
2025/10/09 05:24:40 [notice] 1#1: worker process 29 exited with code 0
2025/10/09 05:24:40 [notice] 1#1: worker process 31 exited with code 0
2025/10/09 05:24:40 [notice] 1#1: signal 29 (SIGIO) received
2025/10/09 05:24:40 [notice] 1#1: signal 17 (SIGCHLD) received from 29
2025/10/09 05:24:40 [notice] 1#1: signal 17 (SIGCHLD) received from 26
2025/10/09 05:24:40 [notice] 1#1: worker process 24 exited with code 0
2025/10/09 05:24:40 [notice] 1#1: worker process 26 exited with code 0
2025/10/09 05:24:40 [notice] 1#1: worker process 27 exited with code 0
2025/10/09 05:24:40 [notice] 1#1: worker process 28 exited with code 0
2025/10/09 05:24:40 [notice] 1#1: worker process 33 exited with code 0
2025/10/09 05:24:40 [notice] 1#1: exit
2025/10/09 05:31:41 [notice] 1#1: using the "epoll" event method
2025/10/09 05:31:41 [notice] 1#1: nginx/1.25.5
2025/10/09 05:31:41 [notice] 1#1: built by gcc 13.2.1 20231014 (Alpine 13.2.1_git20231014) 
2025/10/09 05:31:41 [notice] 1#1: OS: Linux 5.15.167.4-microsoft-standard-WSL2
2025/10/09 05:31:41 [notice] 1#1: getrlimit(RLIMIT_NOFILE): 1048576:1048576
2025/10/09 05:31:41 [notice] 1#1: start worker processes
2025/10/09 05:31:41 [notice] 1#1: start worker process 21
2025/10/09 05:31:41 [notice] 1#1: start worker process 22
2025/10/09 05:31:41 [notice] 1#1: start worker process 23
2025/10/09 05:31:41 [notice] 1#1: start worker process 24
2025/10/09 05:31:41 [notice] 1#1: start worker process 25
2025/10/09 05:31:41 [notice] 1#1: start worker process 26
2025/10/09 05:31:41 [notice] 1#1: start worker process 27
2025/10/09 05:31:41 [notice] 1#1: start worker process 28
2025/10/09 05:31:41 [notice] 1#1: start worker process 29
2025/10/09 05:31:41 [notice] 1#1: start worker process 30
2025/10/09 05:31:41 [notice] 1#1: start worker process 31
2025/10/09 05:31:41 [notice] 1#1: start worker process 32
2025/10/09 05:33:00 [notice] 1#1: signal 3 (SIGQUIT) received, shutting down
2025/10/09 05:33:00 [notice] 21#21: gracefully shutting down
2025/10/09 05:33:00 [notice] 22#22: gracefully shutting down
2025/10/09 05:33:00 [notice] 23#23: gracefully shutting down
2025/10/09 05:33:00 [notice] 23#23: exiting
2025/10/09 05:33:00 [notice] 24#24: gracefully shutting down
2025/10/09 05:33:00 [notice] 26#26: gracefully shutting down
2025/10/09 05:33:00 [notice] 26#26: exiting
2025/10/09 05:33:00 [notice] 25#25: gracefully shutting down
2025/10/09 05:33:00 [notice] 25#25: exiting
2025/10/09 05:33:00 [notice] 27#27: gracefully shutting down
2025/10/09 05:33:00 [notice] 28#28: gracefully shutting down
2025/10/09 05:33:00 [notice] 28#28: exiting
2025/10/09 05:33:00 [notice] 29#29: gracefully shutting down
2025/10/09 05:33:00 [notice] 29#29: exiting
2025/10/09 05:33:00 [notice] 30#30: gracefully shutting down
2025/10/09 05:33:00 [notice] 30#30: exiting
2025/10/09 05:33:00 [notice] 31#31: gracefully shutting down
2025/10/09 05:33:00 [notice] 31#31: exiting
2025/10/09 05:33:00 [notice] 21#21: exiting
2025/10/09 05:33:00 [notice] 32#32: gracefully shutting down
2025/10/09 05:33:00 [notice] 22#22: exiting
2025/10/09 05:33:00 [notice] 23#23: exit
2025/10/09 05:33:00 [notice] 22#22: exit
2025/10/09 05:33:00 [notice] 24#24: exiting
2025/10/09 05:33:00 [notice] 26#26: exit
2025/10/09 05:33:00 [notice] 25#25: exit
2025/10/09 05:33:00 [notice] 27#27: exiting
2025/10/09 05:33:00 [notice] 28#28: exit
2025/10/09 05:33:00 [notice] 29#29: exit
2025/10/09 05:33:00 [notice] 30#30: exit
2025/10/09 05:33:00 [notice] 31#31: exit
2025/10/09 05:33:00 [notice] 21#21: exit
2025/10/09 05:33:00 [notice] 32#32: exiting
2025/10/09 05:33:00 [notice] 24#24: exit
2025/10/09 05:33:00 [notice] 27#27: exit
2025/10/09 05:33:00 [notice] 32#32: exit
2025/10/09 05:33:00 [notice] 1#1: signal 17 (SIGCHLD) received from 31
2025/10/09 05:33:00 [notice] 1#1: worker process 21 exited with code 0
2025/10/09 05:33:00 [notice] 1#1: worker process 22 exited with code 0
2025/10/09 05:33:00 [notice] 1#1: worker process 23 exited with code 0
2025/10/09 05:33:00 [notice] 1#1: worker process 25 exited with code 0
2025/10/09 05:33:00 [notice] 1#1: worker process 26 exited with code 0
2025/10/09 05:33:00 [notice] 1#1: worker process 27 exited with code 0
2025/10/09 05:33:00 [notice] 1#1: worker process 28 exited with code 0
2025/10/09 05:33:00 [notice] 1#1: worker process 29 exited with code 0
2025/10/09 05:33:00 [notice] 1#1: worker process 31 exited with code 0
2025/10/09 05:33:00 [notice] 1#1: worker process 32 exited with code 0
2025/10/09 05:33:00 [notice] 1#1: signal 29 (SIGIO) received
2025/10/09 05:33:00 [notice] 1#1: signal 17 (SIGCHLD) received from 28
2025/10/09 05:33:00 [notice] 1#1: signal 17 (SIGCHLD) received from 24
2025/10/09 05:33:00 [notice] 1#1: worker process 24 exited with code 0
2025/10/09 05:33:00 [notice] 1#1: signal 29 (SIGIO) received
2025/10/09 05:33:00 [notice] 1#1: signal 17 (SIGCHLD) received from 30
2025/10/09 05:33:00 [notice] 1#1: worker process 30 exited with code 0
2025/10/09 05:33:00 [notice] 1#1: exit
2025/10/09 05:35:27 [notice] 1#1: using the "epoll" event method
2025/10/09 05:35:27 [notice] 1#1: nginx/1.25.5
2025/10/09 05:35:27 [notice] 1#1: built by gcc 13.2.1 20231014 (Alpine 13.2.1_git20231014) 
2025/10/09 05:35:27 [notice] 1#1: OS: Linux 5.15.167.4-microsoft-standard-WSL2
2025/10/09 05:35:27 [notice] 1#1: getrlimit(RLIMIT_NOFILE): 1048576:1048576
2025/10/09 05:35:27 [notice] 1#1: start worker processes
2025/10/09 05:35:27 [notice] 1#1: start worker process 21
2025/10/09 05:35:27 [notice] 1#1: start worker process 22
2025/10/09 05:35:27 [notice] 1#1: start worker process 23
2025/10/09 05:35:27 [notice] 1#1: start worker process 24
2025/10/09 05:35:27 [notice] 1#1: start worker process 25
2025/10/09 05:35:27 [notice] 1#1: start worker process 26
2025/10/09 05:35:27 [notice] 1#1: start worker process 27
2025/10/09 05:35:27 [notice] 1#1: start worker process 28
2025/10/09 05:35:27 [notice] 1#1: start worker process 29
2025/10/09 05:35:27 [notice] 1#1: start worker process 30
2025/10/09 05:35:27 [notice] 1#1: start worker process 31
2025/10/09 05:35:27 [notice] 1#1: start worker process 32
2025/10/09 05:40:29 [notice] 1#1: signal 3 (SIGQUIT) received, shutting down
2025/10/09 05:40:29 [notice] 21#21: gracefully shutting down
2025/10/09 05:40:29 [notice] 23#23: gracefully shutting down
2025/10/09 05:40:29 [notice] 24#24: gracefully shutting down
2025/10/09 05:40:29 [notice] 25#25: gracefully shutting down
2025/10/09 05:40:29 [notice] 23#23: exiting
2025/10/09 05:40:29 [notice] 26#26: gracefully shutting down
2025/10/09 05:40:29 [notice] 22#22: gracefully shutting down
2025/10/09 05:40:29 [notice] 23#23: exit
2025/10/09 05:40:29 [notice] 27#27: gracefully shutting down
2025/10/09 05:40:29 [notice] 29#29: gracefully shutting down
2025/10/09 05:40:29 [notice] 28#28: gracefully shutting down
2025/10/09 05:40:29 [notice] 28#28: exiting
2025/10/09 05:40:29 [notice] 30#30: gracefully shutting down
2025/10/09 05:40:29 [notice] 31#31: gracefully shutting down
2025/10/09 05:40:29 [notice] 32#32: gracefully shutting down
2025/10/09 05:40:29 [notice] 21#21: exiting
2025/10/09 05:40:29 [notice] 24#24: exiting
2025/10/09 05:40:29 [notice] 21#21: exit
2025/10/09 05:40:29 [notice] 25#25: exiting
2025/10/09 05:40:29 [notice] 26#26: exiting
2025/10/09 05:40:29 [notice] 22#22: exiting
2025/10/09 05:40:29 [notice] 27#27: exiting
2025/10/09 05:40:29 [notice] 29#29: exiting
2025/10/09 05:40:29 [notice] 28#28: exit
2025/10/09 05:40:29 [notice] 30#30: exiting
2025/10/09 05:40:29 [notice] 31#31: exiting
2025/10/09 05:40:29 [notice] 32#32: exiting
2025/10/09 05:40:29 [notice] 24#24: exit
2025/10/09 05:40:29 [notice] 25#25: exit
2025/10/09 05:40:29 [notice] 26#26: exit
2025/10/09 05:40:29 [notice] 22#22: exit
2025/10/09 05:40:29 [notice] 27#27: exit
2025/10/09 05:40:29 [notice] 29#29: exit
2025/10/09 05:40:29 [notice] 30#30: exit
2025/10/09 05:40:29 [notice] 31#31: exit
2025/10/09 05:40:29 [notice] 32#32: exit
2025/10/09 05:40:29 [notice] 1#1: signal 17 (SIGCHLD) received from 26
2025/10/09 05:40:29 [notice] 1#1: worker process 21 exited with code 0
2025/10/09 05:40:29 [notice] 1#1: worker process 23 exited with code 0
2025/10/09 05:40:29 [notice] 1#1: worker process 25 exited with code 0
2025/10/09 05:40:29 [notice] 1#1: worker process 26 exited with code 0
2025/10/09 05:40:29 [notice] 1#1: worker process 27 exited with code 0
2025/10/09 05:40:29 [notice] 1#1: worker process 28 exited with code 0
2025/10/09 05:40:29 [notice] 1#1: worker process 29 exited with code 0
2025/10/09 05:40:29 [notice] 1#1: worker process 31 exited with code 0
2025/10/09 05:40:29 [notice] 1#1: worker process 32 exited with code 0
2025/10/09 05:40:29 [notice] 1#1: signal 29 (SIGIO) received
2025/10/09 05:40:29 [notice] 1#1: signal 17 (SIGCHLD) received from 32
2025/10/09 05:40:29 [notice] 1#1: signal 17 (SIGCHLD) received from 22
2025/10/09 05:40:29 [notice] 1#1: worker process 22 exited with code 0
2025/10/09 05:40:29 [notice] 1#1: worker process 24 exited with code 0
2025/10/09 05:40:29 [notice] 1#1: worker process 30 exited with code 0
2025/10/09 05:40:29 [notice] 1#1: exit
2025/10/09 05:42:58 [notice] 1#1: using the "epoll" event method
2025/10/09 05:42:58 [notice] 1#1: nginx/1.25.5
2025/10/09 05:42:58 [notice] 1#1: built by gcc 13.2.1 20231014 (Alpine 13.2.1_git20231014) 
2025/10/09 05:42:58 [notice] 1#1: OS: Linux 5.15.167.4-microsoft-standard-WSL2
2025/10/09 05:42:58 [notice] 1#1: getrlimit(RLIMIT_NOFILE): 1048576:1048576
2025/10/09 05:42:58 [notice] 1#1: start worker processes
2025/10/09 05:42:58 [notice] 1#1: start worker process 21
2025/10/09 05:42:58 [notice] 1#1: start worker process 22
2025/10/09 05:42:58 [notice] 1#1: start worker process 23
2025/10/09 05:42:58 [notice] 1#1: start worker process 24
2025/10/09 05:42:58 [notice] 1#1: start worker process 25
2025/10/09 05:42:58 [notice] 1#1: start worker process 26
2025/10/09 05:42:58 [notice] 1#1: start worker process 27
2025/10/09 05:42:58 [notice] 1#1: start worker process 28
2025/10/09 05:42:58 [notice] 1#1: start worker process 29
2025/10/09 05:42:58 [notice] 1#1: start worker process 30
2025/10/09 05:42:58 [notice] 1#1: start worker process 31
2025/10/09 05:42:58 [notice] 1#1: start worker process 32
2025/10/09 05:50:35 [notice] 1#1: signal 3 (SIGQUIT) received, shutting down
2025/10/09 05:50:35 [notice] 23#23: gracefully shutting down
2025/10/09 05:50:35 [notice] 24#24: gracefully shutting down
2025/10/09 05:50:35 [notice] 25#25: gracefully shutting down
2025/10/09 05:50:35 [notice] 22#22: gracefully shutting down
2025/10/09 05:50:35 [notice] 26#26: gracefully shutting down
2025/10/09 05:50:35 [notice] 26#26: exiting
2025/10/09 05:50:35 [notice] 28#28: gracefully shutting down
2025/10/09 05:50:35 [notice] 29#29: gracefully shutting down
2025/10/09 05:50:35 [notice] 21#21: gracefully shutting down
2025/10/09 05:50:35 [notice] 30#30: gracefully shutting down
2025/10/09 05:50:35 [notice] 27#27: gracefully shutting down
2025/10/09 05:50:35 [notice] 31#31: gracefully shutting down
2025/10/09 05:50:35 [notice] 32#32: gracefully shutting down
2025/10/09 05:50:35 [notice] 23#23: exiting
2025/10/09 05:50:35 [notice] 24#24: exiting
2025/10/09 05:50:35 [notice] 25#25: exiting
2025/10/09 05:50:35 [notice] 22#22: exiting
2025/10/09 05:50:35 [notice] 26#26: exit
2025/10/09 05:50:35 [notice] 28#28: exiting
2025/10/09 05:50:35 [notice] 29#29: exiting
2025/10/09 05:50:35 [notice] 21#21: exiting
2025/10/09 05:50:35 [notice] 30#30: exiting
2025/10/09 05:50:35 [notice] 27#27: exiting
2025/10/09 05:50:35 [notice] 31#31: exiting
2025/10/09 05:50:35 [notice] 32#32: exiting
2025/10/09 05:50:35 [notice] 23#23: exit
2025/10/09 05:50:35 [notice] 24#24: exit
2025/10/09 05:50:35 [notice] 25#25: exit
2025/10/09 05:50:35 [notice] 22#22: exit
2025/10/09 05:50:35 [notice] 28#28: exit
2025/10/09 05:50:35 [notice] 29#29: exit
2025/10/09 05:50:35 [notice] 21#21: exit
2025/10/09 05:50:35 [notice] 30#30: exit
2025/10/09 05:50:35 [notice] 27#27: exit
2025/10/09 05:50:35 [notice] 31#31: exit
2025/10/09 05:50:35 [notice] 32#32: exit
2025/10/09 05:50:35 [notice] 1#1: signal 17 (SIGCHLD) received from 28
2025/10/09 05:50:35 [notice] 1#1: worker process 28 exited with code 0
2025/10/09 05:50:35 [notice] 1#1: signal 29 (SIGIO) received
2025/10/09 05:50:35 [notice] 1#1: signal 17 (SIGCHLD) received from 25
2025/10/09 05:50:35 [notice] 1#1: worker process 21 exited with code 0
2025/10/09 05:50:35 [notice] 1#1: worker process 23 exited with code 0
2025/10/09 05:50:35 [notice] 1#1: worker process 24 exited with code 0
2025/10/09 05:50:35 [notice] 1#1: worker process 25 exited with code 0
2025/10/09 05:50:35 [notice] 1#1: worker process 26 exited with code 0
2025/10/09 05:50:35 [notice] 1#1: worker process 29 exited with code 0
2025/10/09 05:50:35 [notice] 1#1: worker process 30 exited with code 0
2025/10/09 05:50:35 [notice] 1#1: worker process 31 exited with code 0
2025/10/09 05:50:35 [notice] 1#1: signal 29 (SIGIO) received
2025/10/09 05:50:35 [notice] 1#1: signal 17 (SIGCHLD) received from 31
2025/10/09 05:50:35 [notice] 1#1: signal 17 (SIGCHLD) received from 22
2025/10/09 05:50:35 [notice] 1#1: worker process 22 exited with code 0
2025/10/09 05:50:35 [notice] 1#1: worker process 27 exited with code 0
2025/10/09 05:50:35 [notice] 1#1: worker process 32 exited with code 0
2025/10/09 05:50:35 [notice] 1#1: exit
2025/10/09 11:13:58 [notice] 1#1: using the "epoll" event method
2025/10/09 11:13:58 [notice] 1#1: nginx/1.25.5
2025/10/09 11:13:58 [notice] 1#1: built by gcc 13.2.1 20231014 (Alpine 13.2.1_git20231014) 
2025/10/09 11:13:58 [notice] 1#1: OS: Linux 5.15.167.4-microsoft-standard-WSL2
2025/10/09 11:13:58 [notice] 1#1: getrlimit(RLIMIT_NOFILE): 1048576:1048576
2025/10/09 11:13:58 [notice] 1#1: start worker processes
2025/10/09 11:13:58 [notice] 1#1: start worker process 21
2025/10/09 11:13:58 [notice] 1#1: start worker process 22
2025/10/09 11:13:58 [notice] 1#1: start worker process 23
2025/10/09 11:13:58 [notice] 1#1: start worker process 24
2025/10/09 11:13:58 [notice] 1#1: start worker process 25
2025/10/09 11:13:58 [notice] 1#1: start worker process 26
2025/10/09 11:13:58 [notice] 1#1: start worker process 27
2025/10/09 11:13:58 [notice] 1#1: start worker process 28
2025/10/09 11:13:58 [notice] 1#1: start worker process 29
2025/10/09 11:13:58 [notice] 1#1: start worker process 30
2025/10/09 11:13:58 [notice] 1#1: start worker process 31
2025/10/09 11:13:58 [notice] 1#1: start worker process 32
2025/10/09 11:15:27 [notice] 1#1: signal 3 (SIGQUIT) received, shutting down
2025/10/09 11:15:27 [notice] 22#22: gracefully shutting down
2025/10/09 11:15:27 [notice] 21#21: gracefully shutting down
2025/10/09 11:15:27 [notice] 28#28: gracefully shutting down
2025/10/09 11:15:27 [notice] 24#24: gracefully shutting down
2025/10/09 11:15:27 [notice] 27#27: gracefully shutting down
2025/10/09 11:15:27 [notice] 30#30: gracefully shutting down
2025/10/09 11:15:27 [notice] 32#32: gracefully shutting down
2025/10/09 11:15:27 [notice] 26#26: gracefully shutting down
2025/10/09 11:15:27 [notice] 23#23: gracefully shutting down
2025/10/09 11:15:27 [notice] 31#31: gracefully shutting down
2025/10/09 11:15:27 [notice] 25#25: gracefully shutting down
2025/10/09 11:15:27 [notice] 29#29: gracefully shutting down
2025/10/09 11:15:27 [notice] 21#21: exiting
2025/10/09 11:15:27 [notice] 22#22: exiting
2025/10/09 11:15:27 [notice] 28#28: exiting
2025/10/09 11:15:27 [notice] 28#28: exit
2025/10/09 11:15:27 [notice] 24#24: exiting
2025/10/09 11:15:27 [notice] 27#27: exiting
2025/10/09 11:15:27 [notice] 30#30: exiting
2025/10/09 11:15:27 [notice] 27#27: exit
2025/10/09 11:15:27 [notice] 32#32: exiting
2025/10/09 11:15:27 [notice] 23#23: exiting
2025/10/09 11:15:27 [notice] 26#26: exiting
2025/10/09 11:15:27 [notice] 31#31: exiting
2025/10/09 11:15:27 [notice] 25#25: exiting
2025/10/09 11:15:27 [notice] 29#29: exiting
2025/10/09 11:15:27 [notice] 21#21: exit
2025/10/09 11:15:27 [notice] 22#22: exit
2025/10/09 11:15:27 [notice] 24#24: exit
2025/10/09 11:15:27 [notice] 30#30: exit
2025/10/09 11:15:27 [notice] 32#32: exit
2025/10/09 11:15:27 [notice] 23#23: exit
2025/10/09 11:15:27 [notice] 26#26: exit
2025/10/09 11:15:27 [notice] 31#31: exit
2025/10/09 11:15:27 [notice] 25#25: exit
2025/10/09 11:15:27 [notice] 29#29: exit
2025/10/09 11:15:27 [notice] 1#1: signal 17 (SIGCHLD) received from 23
2025/10/09 11:15:27 [notice] 1#1: worker process 23 exited with code 0
2025/10/09 11:15:27 [notice] 1#1: worker process 24 exited with code 0
2025/10/09 11:15:27 [notice] 1#1: worker process 26 exited with code 0
2025/10/09 11:15:27 [notice] 1#1: worker process 27 exited with code 0
2025/10/09 11:15:27 [notice] 1#1: worker process 28 exited with code 0
2025/10/09 11:15:27 [notice] 1#1: worker process 29 exited with code 0
2025/10/09 11:15:27 [notice] 1#1: signal 29 (SIGIO) received
2025/10/09 11:15:27 [notice] 1#1: signal 17 (SIGCHLD) received from 29
2025/10/09 11:15:27 [notice] 1#1: signal 17 (SIGCHLD) received from 31
2025/10/09 11:15:27 [notice] 1#1: worker process 31 exited with code 0
2025/10/09 11:15:27 [notice] 1#1: signal 29 (SIGIO) received
2025/10/09 11:15:27 [notice] 1#1: signal 17 (SIGCHLD) received from 25
2025/10/09 11:15:27 [notice] 1#1: worker process 22 exited with code 0
2025/10/09 11:15:27 [notice] 1#1: worker process 25 exited with code 0
2025/10/09 11:15:27 [notice] 1#1: signal 29 (SIGIO) received
2025/10/09 11:15:27 [notice] 1#1: signal 17 (SIGCHLD) received from 21
2025/10/09 11:15:27 [notice] 1#1: worker process 21 exited with code 0
2025/10/09 11:15:27 [notice] 1#1: worker process 30 exited with code 0
2025/10/09 11:15:27 [notice] 1#1: worker process 32 exited with code 0
2025/10/09 11:15:27 [notice] 1#1: exit
2025/10/09 11:18:05 [notice] 1#1: using the "epoll" event method
2025/10/09 11:18:05 [notice] 1#1: nginx/1.25.5
2025/10/09 11:18:05 [notice] 1#1: built by gcc 13.2.1 20231014 (Alpine 13.2.1_git20231014) 
2025/10/09 11:18:05 [notice] 1#1: OS: Linux 5.15.167.4-microsoft-standard-WSL2
2025/10/09 11:18:05 [notice] 1#1: getrlimit(RLIMIT_NOFILE): 1048576:1048576
2025/10/09 11:18:05 [notice] 1#1: start worker processes
2025/10/09 11:18:05 [notice] 1#1: start worker process 21
2025/10/09 11:18:05 [notice] 1#1: start worker process 22
2025/10/09 11:18:05 [notice] 1#1: start worker process 23
2025/10/09 11:18:05 [notice] 1#1: start worker process 24
2025/10/09 11:18:05 [notice] 1#1: start worker process 25
2025/10/09 11:18:05 [notice] 1#1: start worker process 26
2025/10/09 11:18:05 [notice] 1#1: start worker process 27
2025/10/09 11:18:05 [notice] 1#1: start worker process 28
2025/10/09 11:18:05 [notice] 1#1: start worker process 29
2025/10/09 11:18:05 [notice] 1#1: start worker process 30
2025/10/09 11:18:05 [notice] 1#1: start worker process 31
2025/10/09 11:18:05 [notice] 1#1: start worker process 32
2025/10/09 11:55:51 [notice] 1#1: signal 3 (SIGQUIT) received, shutting down
2025/10/09 11:55:51 [notice] 21#21: gracefully shutting down
2025/10/09 11:55:51 [notice] 29#29: gracefully shutting down
2025/10/09 11:55:51 [notice] 22#22: gracefully shutting down
2025/10/09 11:55:51 [notice] 23#23: gracefully shutting down
2025/10/09 11:55:51 [notice] 26#26: gracefully shutting down
2025/10/09 11:55:51 [notice] 27#27: gracefully shutting down
2025/10/09 11:55:51 [notice] 30#30: gracefully shutting down
2025/10/09 11:55:51 [notice] 25#25: gracefully shutting down
2025/10/09 11:55:51 [notice] 24#24: gracefully shutting down
2025/10/09 11:55:51 [notice] 28#28: gracefully shutting down
2025/10/09 11:55:51 [notice] 31#31: gracefully shutting down
2025/10/09 11:55:51 [notice] 28#28: exiting
2025/10/09 11:55:51 [notice] 32#32: gracefully shutting down
2025/10/09 11:55:51 [notice] 32#32: exiting
2025/10/09 11:55:51 [notice] 29#29: exiting
2025/10/09 11:55:51 [notice] 21#21: exiting
2025/10/09 11:55:51 [notice] 22#22: exiting
2025/10/09 11:55:51 [notice] 23#23: exiting
2025/10/09 11:55:51 [notice] 26#26: exiting
2025/10/09 11:55:51 [notice] 27#27: exiting
2025/10/09 11:55:51 [notice] 25#25: exiting
2025/10/09 11:55:51 [notice] 30#30: exiting
2025/10/09 11:55:51 [notice] 25#25: exit
2025/10/09 11:55:51 [notice] 30#30: exit
2025/10/09 11:55:51 [notice] 24#24: exiting
2025/10/09 11:55:51 [notice] 28#28: exit
2025/10/09 11:55:51 [notice] 32#32: exit
2025/10/09 11:55:51 [notice] 29#29: exit
2025/10/09 11:55:51 [notice] 21#21: exit
2025/10/09 11:55:51 [notice] 22#22: exit
2025/10/09 11:55:51 [notice] 23#23: exit
2025/10/09 11:55:51 [notice] 26#26: exit
2025/10/09 11:55:51 [notice] 27#27: exit
2025/10/09 11:55:51 [notice] 24#24: exit
2025/10/09 11:55:51 [notice] 31#31: exiting
2025/10/09 11:55:51 [notice] 31#31: exit
2025/10/09 11:55:51 [notice] 1#1: signal 17 (SIGCHLD) received from 32
2025/10/09 11:55:51 [notice] 1#1: worker process 21 exited with code 0
2025/10/09 11:55:51 [notice] 1#1: worker process 22 exited with code 0
2025/10/09 11:55:51 [notice] 1#1: worker process 25 exited with code 0
2025/10/09 11:55:51 [notice] 1#1: worker process 26 exited with code 0
2025/10/09 11:55:51 [notice] 1#1: worker process 28 exited with code 0
2025/10/09 11:55:51 [notice] 1#1: worker process 29 exited with code 0
2025/10/09 11:55:51 [notice] 1#1: worker process 31 exited with code 0
2025/10/09 11:55:51 [notice] 1#1: worker process 32 exited with code 0
2025/10/09 11:55:51 [notice] 1#1: signal 29 (SIGIO) received
2025/10/09 11:55:51 [notice] 1#1: signal 17 (SIGCHLD) received from 31
2025/10/09 11:55:51 [notice] 1#1: signal 17 (SIGCHLD) received from 24
2025/10/09 11:55:51 [notice] 1#1: worker process 23 exited with code 0
2025/10/09 11:55:51 [notice] 1#1: worker process 24 exited with code 0
2025/10/09 11:55:51 [notice] 1#1: worker process 27 exited with code 0
2025/10/09 11:55:51 [notice] 1#1: worker process 30 exited with code 0
2025/10/09 11:55:51 [notice] 1#1: exit
2025/10/09 15:06:20 [notice] 1#1: using the "epoll" event method
2025/10/09 15:06:20 [notice] 1#1: nginx/1.25.5
2025/10/09 15:06:20 [notice] 1#1: built by gcc 13.2.1 20231014 (Alpine 13.2.1_git20231014) 
2025/10/09 15:06:20 [notice] 1#1: OS: Linux 5.15.167.4-microsoft-standard-WSL2
2025/10/09 15:06:20 [notice] 1#1: getrlimit(RLIMIT_NOFILE): 1048576:1048576
2025/10/09 15:06:20 [notice] 1#1: start worker processes
2025/10/09 15:06:20 [notice] 1#1: start worker process 21
2025/10/09 15:06:20 [notice] 1#1: start worker process 22
2025/10/09 15:06:20 [notice] 1#1: start worker process 23
2025/10/09 15:06:20 [notice] 1#1: start worker process 24
2025/10/09 15:06:20 [notice] 1#1: start worker process 25
2025/10/09 15:06:20 [notice] 1#1: start worker process 26
2025/10/09 15:06:20 [notice] 1#1: start worker process 27
2025/10/09 15:06:20 [notice] 1#1: start worker process 28
2025/10/09 15:06:20 [notice] 1#1: start worker process 29
2025/10/09 15:06:20 [notice] 1#1: start worker process 30
2025/10/09 15:06:20 [notice] 1#1: start worker process 31
2025/10/09 15:06:20 [notice] 1#1: start worker process 32
2025/10/09 15:06:27 [error] 21#21: *1 connect() failed (111: Connection refused) while connecting to upstream, client: 172.18.0.1, server: minhaaplicacao.intranet.com, request: "GET /api/auth/profile HTTP/1.1", upstream: "http://172.18.0.3:3000/auth/profile", host: "localhost", referrer: "http://localhost/"
2025/10/09 15:06:27 [error] 21#21: *1 connect() failed (111: Connection refused) while connecting to upstream, client: 172.18.0.1, server: minhaaplicacao.intranet.com, request: "GET /api/auth/profile HTTP/1.1", upstream: "http://172.18.0.3:3000/auth/profile", host: "localhost", referrer: "http://localhost/"
2025/10/09 15:08:40 [notice] 1#1: signal 3 (SIGQUIT) received, shutting down
2025/10/09 15:08:40 [notice] 21#21: gracefully shutting down
2025/10/09 15:08:40 [notice] 29#29: gracefully shutting down
2025/10/09 15:08:40 [notice] 23#23: gracefully shutting down
2025/10/09 15:08:40 [notice] 22#22: gracefully shutting down
2025/10/09 15:08:40 [notice] 24#24: gracefully shutting down
2025/10/09 15:08:40 [notice] 26#26: gracefully shutting down
2025/10/09 15:08:40 [notice] 25#25: gracefully shutting down
2025/10/09 15:08:40 [notice] 30#30: gracefully shutting down
2025/10/09 15:08:40 [notice] 28#28: gracefully shutting down
2025/10/09 15:08:40 [notice] 27#27: gracefully shutting down
2025/10/09 15:08:40 [notice] 31#31: gracefully shutting down
2025/10/09 15:08:40 [notice] 32#32: gracefully shutting down
2025/10/09 15:08:40 [notice] 21#21: exiting
2025/10/09 15:08:40 [notice] 29#29: exiting
2025/10/09 15:08:40 [notice] 23#23: exiting
2025/10/09 15:08:40 [notice] 22#22: exiting
2025/10/09 15:08:40 [notice] 24#24: exiting
2025/10/09 15:08:40 [notice] 26#26: exiting
2025/10/09 15:08:40 [notice] 30#30: exiting
2025/10/09 15:08:40 [notice] 25#25: exiting
2025/10/09 15:08:40 [notice] 28#28: exiting
2025/10/09 15:08:40 [notice] 27#27: exiting
2025/10/09 15:08:40 [notice] 31#31: exiting
2025/10/09 15:08:40 [notice] 32#32: exiting
2025/10/09 15:08:40 [notice] 29#29: exit
2025/10/09 15:08:40 [notice] 21#21: exit
2025/10/09 15:08:40 [notice] 23#23: exit
2025/10/09 15:08:40 [notice] 22#22: exit
2025/10/09 15:08:40 [notice] 24#24: exit
2025/10/09 15:08:40 [notice] 26#26: exit
2025/10/09 15:08:40 [notice] 30#30: exit
2025/10/09 15:08:40 [notice] 25#25: exit
2025/10/09 15:08:40 [notice] 28#28: exit
2025/10/09 15:08:40 [notice] 27#27: exit
2025/10/09 15:08:40 [notice] 31#31: exit
2025/10/09 15:08:40 [notice] 32#32: exit
2025/10/09 15:08:41 [notice] 1#1: signal 17 (SIGCHLD) received from 29
2025/10/09 15:08:41 [notice] 1#1: worker process 29 exited with code 0
2025/10/09 15:08:41 [notice] 1#1: worker process 32 exited with code 0
2025/10/09 15:08:41 [notice] 1#1: signal 29 (SIGIO) received
2025/10/09 15:08:41 [notice] 1#1: signal 17 (SIGCHLD) received from 32
2025/10/09 15:08:41 [notice] 1#1: signal 17 (SIGCHLD) received from 30
2025/10/09 15:08:41 [notice] 1#1: worker process 30 exited with code 0
2025/10/09 15:08:41 [notice] 1#1: signal 29 (SIGIO) received
2025/10/09 15:08:41 [notice] 1#1: signal 17 (SIGCHLD) received from 28
2025/10/09 15:08:41 [notice] 1#1: worker process 21 exited with code 0
2025/10/09 15:08:41 [notice] 1#1: worker process 22 exited with code 0
2025/10/09 15:08:41 [notice] 1#1: worker process 26 exited with code 0
2025/10/09 15:08:41 [notice] 1#1: worker process 27 exited with code 0
2025/10/09 15:08:41 [notice] 1#1: worker process 28 exited with code 0
2025/10/09 15:08:41 [notice] 1#1: signal 29 (SIGIO) received
2025/10/09 15:08:41 [notice] 1#1: signal 17 (SIGCHLD) received from 27
2025/10/09 15:08:41 [notice] 1#1: signal 17 (SIGCHLD) received from 31
2025/10/09 15:08:41 [notice] 1#1: worker process 24 exited with code 0
2025/10/09 15:08:41 [notice] 1#1: worker process 31 exited with code 0
2025/10/09 15:08:41 [notice] 1#1: signal 29 (SIGIO) received
2025/10/09 15:08:41 [notice] 1#1: signal 17 (SIGCHLD) received from 23
2025/10/09 15:08:41 [notice] 1#1: worker process 23 exited with code 0
2025/10/09 15:08:41 [notice] 1#1: worker process 25 exited with code 0
2025/10/09 15:08:41 [notice] 1#1: exit
2025/10/09 15:09:26 [notice] 1#1: using the "epoll" event method
2025/10/09 15:09:26 [notice] 1#1: nginx/1.25.5
2025/10/09 15:09:26 [notice] 1#1: built by gcc 13.2.1 20231014 (Alpine 13.2.1_git20231014) 
2025/10/09 15:09:26 [notice] 1#1: OS: Linux 5.15.167.4-microsoft-standard-WSL2
2025/10/09 15:09:26 [notice] 1#1: getrlimit(RLIMIT_NOFILE): 1048576:1048576
2025/10/09 15:09:26 [notice] 1#1: start worker processes
2025/10/09 15:09:26 [notice] 1#1: start worker process 21
2025/10/09 15:09:26 [notice] 1#1: start worker process 22
2025/10/09 15:09:26 [notice] 1#1: start worker process 23
2025/10/09 15:09:26 [notice] 1#1: start worker process 24
2025/10/09 15:09:26 [notice] 1#1: start worker process 25
2025/10/09 15:09:26 [notice] 1#1: start worker process 26
2025/10/09 15:09:26 [notice] 1#1: start worker process 27
2025/10/09 15:09:26 [notice] 1#1: start worker process 28
2025/10/09 15:09:26 [notice] 1#1: start worker process 29
2025/10/09 15:09:26 [notice] 1#1: start worker process 30
2025/10/09 15:09:26 [notice] 1#1: start worker process 31
2025/10/09 15:09:26 [notice] 1#1: start worker process 32
2025/10/09 15:09:32 [notice] 1#1: signal 3 (SIGQUIT) received, shutting down
2025/10/09 15:09:32 [notice] 22#22: gracefully shutting down
2025/10/09 15:09:32 [notice] 21#21: gracefully shutting down
2025/10/09 15:09:32 [notice] 23#23: gracefully shutting down
2025/10/09 15:09:32 [notice] 25#25: gracefully shutting down
2025/10/09 15:09:32 [notice] 25#25: exiting
2025/10/09 15:09:32 [notice] 26#26: gracefully shutting down
2025/10/09 15:09:32 [notice] 28#28: gracefully shutting down
2025/10/09 15:09:32 [notice] 24#24: gracefully shutting down
2025/10/09 15:09:32 [notice] 27#27: gracefully shutting down
2025/10/09 15:09:32 [notice] 30#30: gracefully shutting down
2025/10/09 15:09:32 [notice] 27#27: exiting
2025/10/09 15:09:32 [notice] 29#29: gracefully shutting down
2025/10/09 15:09:32 [notice] 32#32: gracefully shutting down
2025/10/09 15:09:32 [notice] 32#32: exiting
2025/10/09 15:09:32 [notice] 31#31: gracefully shutting down
2025/10/09 15:09:32 [notice] 22#22: exiting
2025/10/09 15:09:32 [notice] 21#21: exiting
2025/10/09 15:09:32 [notice] 23#23: exiting
2025/10/09 15:09:32 [notice] 25#25: exit
2025/10/09 15:09:32 [notice] 26#26: exiting
2025/10/09 15:09:32 [notice] 28#28: exiting
2025/10/09 15:09:32 [notice] 26#26: exit
2025/10/09 15:09:32 [notice] 24#24: exiting
2025/10/09 15:09:32 [notice] 30#30: exiting
2025/10/09 15:09:32 [notice] 27#27: exit
2025/10/09 15:09:32 [notice] 29#29: exiting
2025/10/09 15:09:32 [notice] 32#32: exit
2025/10/09 15:09:32 [notice] 31#31: exiting
2025/10/09 15:09:32 [notice] 22#22: exit
2025/10/09 15:09:32 [notice] 21#21: exit
2025/10/09 15:09:32 [notice] 23#23: exit
2025/10/09 15:09:32 [notice] 28#28: exit
2025/10/09 15:09:32 [notice] 24#24: exit
2025/10/09 15:09:32 [notice] 30#30: exit
2025/10/09 15:09:32 [notice] 29#29: exit
2025/10/09 15:09:32 [notice] 31#31: exit
2025/10/09 15:09:32 [notice] 1#1: signal 17 (SIGCHLD) received from 27
2025/10/09 15:09:32 [notice] 1#1: worker process 27 exited with code 0
2025/10/09 15:09:32 [notice] 1#1: signal 29 (SIGIO) received
2025/10/09 15:09:32 [notice] 1#1: signal 17 (SIGCHLD) received from 26
2025/10/09 15:09:32 [notice] 1#1: worker process 21 exited with code 0
2025/10/09 15:09:32 [notice] 1#1: worker process 26 exited with code 0
2025/10/09 15:09:32 [notice] 1#1: signal 29 (SIGIO) received
2025/10/09 15:09:32 [notice] 1#1: signal 17 (SIGCHLD) received from 29
2025/10/09 15:09:32 [notice] 1#1: worker process 25 exited with code 0
2025/10/09 15:09:32 [notice] 1#1: worker process 28 exited with code 0
2025/10/09 15:09:32 [notice] 1#1: worker process 29 exited with code 0
2025/10/09 15:09:32 [notice] 1#1: worker process 31 exited with code 0
2025/10/09 15:09:32 [notice] 1#1: worker process 32 exited with code 0
2025/10/09 15:09:32 [notice] 1#1: signal 29 (SIGIO) received
2025/10/09 15:09:32 [notice] 1#1: signal 17 (SIGCHLD) received from 28
2025/10/09 15:09:32 [notice] 1#1: signal 17 (SIGCHLD) received from 22
2025/10/09 15:09:32 [notice] 1#1: worker process 22 exited with code 0
2025/10/09 15:09:32 [notice] 1#1: worker process 23 exited with code 0
2025/10/09 15:09:32 [notice] 1#1: worker process 24 exited with code 0
2025/10/09 15:09:32 [notice] 1#1: worker process 30 exited with code 0
2025/10/09 15:09:32 [notice] 1#1: exit
2025/10/09 17:14:05 [notice] 1#1: using the "epoll" event method
2025/10/09 17:14:05 [notice] 1#1: nginx/1.25.5
2025/10/09 17:14:05 [notice] 1#1: built by gcc 13.2.1 20231014 (Alpine 13.2.1_git20231014) 
2025/10/09 17:14:05 [notice] 1#1: OS: Linux 5.15.167.4-microsoft-standard-WSL2
2025/10/09 17:14:05 [notice] 1#1: getrlimit(RLIMIT_NOFILE): 1048576:1048576
2025/10/09 17:14:05 [notice] 1#1: start worker processes
2025/10/09 17:14:05 [notice] 1#1: start worker process 21
2025/10/09 17:14:05 [notice] 1#1: start worker process 22
2025/10/09 17:14:05 [notice] 1#1: start worker process 23
2025/10/09 17:14:05 [notice] 1#1: start worker process 24
2025/10/09 17:14:05 [notice] 1#1: start worker process 25
2025/10/09 17:14:05 [notice] 1#1: start worker process 26
2025/10/09 17:14:05 [notice] 1#1: start worker process 27
2025/10/09 17:14:05 [notice] 1#1: start worker process 28
2025/10/09 17:14:05 [notice] 1#1: start worker process 29
2025/10/09 17:14:05 [notice] 1#1: start worker process 30
2025/10/09 17:14:05 [notice] 1#1: start worker process 31
2025/10/09 17:14:05 [notice] 1#1: start worker process 32
